-------------------------------------------------------------------------------
Test set: com.idexcel.adminservicetests.AdminServiceApplicationTests
-------------------------------------------------------------------------------
Tests run: 1, Failures: 0, Errors: 1, Skipped: 0, Time elapsed: 1.843 s <<< FAILURE! - in com.idexcel.adminservicetests.AdminServiceApplicationTests
initializationError(com.idexcel.adminservicetests.AdminServiceApplicationTests)  Time elapsed: 0.003 s  <<< ERROR!
java.lang.IllegalStateException: Unable to find a @SpringBootConfiguration, you need to use @ContextConfiguration or @SpringBootTest(classes=...) with your test

